<?xml version="1.0" encoding="UTF-8"?>
<testsuite name="poo.modele.SnakeTest" tests="5" skipped="0" failures="0" errors="0" timestamp="2024-01-19T11:08:38" hostname="habbak-Latitude-3400" time="0.004">
  <properties/>
  <testcase name="testNoCollision" classname="poo.modele.SnakeTest" time="0.001"/>
  <testcase name="testSelfCollision" classname="poo.modele.SnakeTest" time="0.001"/>
  <testcase name="testMove" classname="poo.modele.SnakeTest" time="0.001"/>
  <testcase name="testAddLength" classname="poo.modele.SnakeTest" time="0.001"/>
  <testcase name="testCollisionWithOtherSnake" classname="poo.modele.SnakeTest" time="0.0"/>
  <system-out><![CDATA[]]></system-out>
  <system-err><![CDATA[]]></system-err>
</testsuite>
