<?xml version="1.0" encoding="UTF-8"?>
<testsuite name="poo.LibraryTest" tests="1" skipped="0" failures="0" errors="0" timestamp="2024-01-19T11:08:38" hostname="habbak-Latitude-3400" time="0.002">
  <properties/>
  <testcase name="someLibraryMethodReturnsTrue" classname="poo.LibraryTest" time="0.002"/>
  <system-out><![CDATA[]]></system-out>
  <system-err><![CDATA[]]></system-err>
</testsuite>
